[09:36:50,223] [INFO] CmdHandlerFactory.init --> ==== 完成命令与处理器的关联 ====
[09:36:50,399] [INFO] CmdHandlerFactory.init --> org.tinygame.herostory.msg.GameMsgProtocol$WhoElseIsHereCmd <===> org.tinygame.herostory.cmdhandle.WhoElseIsHereHandler
[09:36:50,401] [INFO] CmdHandlerFactory.init --> org.tinygame.herostory.msg.GameMsgProtocol$UserAttkCmd <===> org.tinygame.herostory.cmdhandle.UserAttkCmdHandler
[09:36:50,402] [INFO] CmdHandlerFactory.init --> org.tinygame.herostory.msg.GameMsgProtocol$UserEntryCmd <===> org.tinygame.herostory.cmdhandle.UserEntryCmdHandler
[09:36:50,412] [INFO] CmdHandlerFactory.init --> org.tinygame.herostory.msg.GameMsgProtocol$UserMoveToCmd <===> org.tinygame.herostory.cmdhandle.UserMoveToCmdHandler
[09:36:50,427] [INFO] GameMsgRecognizer.init --> ==== 完成消息类与消息编号的映射 ====
[09:36:50,560] [INFO] GameMsgRecognizer.init --> org.tinygame.herostory.msg.GameMsgProtocol$UserDieResult <==> 12
[09:36:50,563] [INFO] GameMsgRecognizer.init --> org.tinygame.herostory.msg.GameMsgProtocol$UserSubtractHpResult <==> 11
[09:36:50,565] [INFO] GameMsgRecognizer.init --> org.tinygame.herostory.msg.GameMsgProtocol$UserAttkResult <==> 10
[09:36:50,567] [INFO] GameMsgRecognizer.init --> org.tinygame.herostory.msg.GameMsgProtocol$UserAttkCmd <==> 9
[09:36:50,590] [INFO] GameMsgRecognizer.init --> org.tinygame.herostory.msg.GameMsgProtocol$UserStopResult <==> 8
[09:36:50,622] [INFO] GameMsgRecognizer.init --> org.tinygame.herostory.msg.GameMsgProtocol$UserStopCmd <==> 7
[09:36:50,624] [INFO] GameMsgRecognizer.init --> org.tinygame.herostory.msg.GameMsgProtocol$UserQuitResult <==> 6
[09:36:50,627] [INFO] GameMsgRecognizer.init --> org.tinygame.herostory.msg.GameMsgProtocol$UserMoveToResult <==> 5
[09:36:50,643] [INFO] GameMsgRecognizer.init --> org.tinygame.herostory.msg.GameMsgProtocol$UserMoveToCmd <==> 4
[09:36:50,678] [INFO] GameMsgRecognizer.init --> org.tinygame.herostory.msg.GameMsgProtocol$WhoElseIsHereResult <==> 3
[09:36:50,682] [INFO] GameMsgRecognizer.init --> org.tinygame.herostory.msg.GameMsgProtocol$WhoElseIsHereCmd <==> 2
[09:36:50,683] [INFO] GameMsgRecognizer.init --> org.tinygame.herostory.msg.GameMsgProtocol$UserEntryResult <==> 1
[09:36:50,685] [INFO] GameMsgRecognizer.init --> org.tinygame.herostory.msg.GameMsgProtocol$UserEntryCmd <==> 0
[09:36:51,572] [INFO] ServerMain.main --> 游戏服务器启动成功！
